<?xml version="1.0" encoding="UTF-8"?>
<testng-results ignored="0" total="1" passed="1" failed="0" skipped="0">
  <reporter-output>
  </reporter-output>
  <suite started-at="2024-04-07T16:46:18 IST" name="Default suite" finished-at="2024-04-07T16:46:23 IST" duration-ms="4932">
    <groups>
    </groups>
    <test started-at="2024-04-07T16:46:18 IST" name="Default test" finished-at="2024-04-07T16:46:23 IST" duration-ms="4932">
      <class name="saucedemo.swaglabs.testClass">
        <test-method is-config="true" signature="setUp()[pri:0, instance:saucedemo.swaglabs.testClass@59662a0b]" started-at="2024-04-07T16:46:18 IST" name="setUp" finished-at="2024-04-07T16:46:20 IST" duration-ms="1850" status="PASS">
          <reporter-output>
          </reporter-output>
        </test-method> <!-- setUp -->
        <test-method signature="testSwaglabs()[pri:0, instance:saucedemo.swaglabs.testClass@59662a0b]" started-at="2024-04-07T16:46:20 IST" name="testSwaglabs" finished-at="2024-04-07T16:46:23 IST" duration-ms="2791" status="PASS">
          <reporter-output>
          </reporter-output>
        </test-method> <!-- testSwaglabs -->
        <test-method is-config="true" signature="tearDown()[pri:0, instance:saucedemo.swaglabs.testClass@59662a0b]" started-at="2024-04-07T16:46:23 IST" name="tearDown" finished-at="2024-04-07T16:46:23 IST" duration-ms="244" status="PASS">
          <reporter-output>
          </reporter-output>
        </test-method> <!-- tearDown -->
      </class> <!-- saucedemo.swaglabs.testClass -->
    </test> <!-- Default test -->
  </suite> <!-- Default suite -->
</testng-results>
